0 verbose cli /opt/homebrew/Cellar/node/26.3.1/bin/node /opt/homebrew/bin/npm
1 info using npm@11.16.0
2 info using node@v26.3.1
3 silly config load:file:/opt/homebrew/lib/node_modules/npm/npmrc
4 silly config load:file:/Users/reyn/Documents/SHATPuno/.npmrc
5 silly config load:file:/Users/reyn/.npmrc
6 silly config load:file:/opt/homebrew/etc/npmrc
7 verbose title npm install
8 verbose argv "install" "--cache" "./.npm-cache" "--no-audit" "--no-fund" "--ignore-scripts" "--force" "--loglevel" "warn"
9 verbose logfile logs-max:10 dir:/Users/reyn/Documents/SHATPuno/.npm-cache/_logs/2026-06-29T02_44_56_297Z-
10 verbose logfile /Users/reyn/Documents/SHATPuno/.npm-cache/_logs/2026-06-29T02_44_56_297Z-debug-0.log
11 warn using --force Recommended protections disabled.
12 silly logfile done cleaning log files
13 silly packumentCache heap:4395630592 maxSize:1098907648 maxEntrySize:549453824
14 silly idealTree buildDeps
15 silly fetch manifest @img/sharp-libvips-darwin-arm64@1.2.4
16 silly packumentCache full:https://registry.npmjs.org/@img%2fsharp-libvips-darwin-arm64 cache-miss
17 verbose shrinkwrap failed to load node_modules/.package-lock.json out of date, updated: node_modules/next
18 http fetch GET 200 https://registry.npmjs.org/@img%2fsharp-libvips-darwin-arm64 1094ms (cache revalidated)
19 silly packumentCache full:https://registry.npmjs.org/@img%2fsharp-libvips-darwin-arm64 set size:77540 disposed:false
20 silly placeDep node_modules/@img/sharp-darwin-arm64 @img/sharp-libvips-darwin-arm64@1.2.4 OK for: @img/sharp-darwin-arm64@0.34.5 want: 1.2.4
21 silly fetch manifest es-abstract@^1.24.0
22 silly packumentCache full:https://registry.npmjs.org/es-abstract cache-miss
23 http fetch GET 200 https://registry.npmjs.org/es-abstract 55ms (cache revalidated)
24 silly packumentCache full:https://registry.npmjs.org/es-abstract set size:384124 disposed:false
25 silly placeDep node_modules/array-includes es-abstract@1.24.2 OK for: array-includes@3.1.9 want: ^1.24.0
26 silly fetch manifest es-abstract@^1.23.2
27 silly packumentCache full:https://registry.npmjs.org/es-abstract cache-hit
28 silly placeDep node_modules/array.prototype.findlast es-abstract@1.24.2 OK for: array.prototype.findlast@1.2.5 want: ^1.23.2
29 silly fetch manifest es-abstract@^1.23.9
30 silly packumentCache full:https://registry.npmjs.org/es-abstract cache-hit
31 silly placeDep node_modules/array.prototype.findlastindex es-abstract@1.24.2 OK for: array.prototype.findlastindex@1.2.6 want: ^1.23.9
32 silly fetch manifest es-abstract@^1.23.5
33 silly packumentCache full:https://registry.npmjs.org/es-abstract cache-hit
34 silly placeDep node_modules/array.prototype.flat es-abstract@1.24.2 OK for: array.prototype.flat@1.3.3 want: ^1.23.5
35 silly fetch manifest es-abstract@^1.23.3
36 silly packumentCache full:https://registry.npmjs.org/es-abstract cache-hit
37 silly placeDep node_modules/array.prototype.tosorted es-abstract@1.24.2 OK for: array.prototype.tosorted@1.1.4 want: ^1.23.3
38 silly placeDep node_modules/arraybuffer.prototype.slice es-abstract@1.24.2 OK for: arraybuffer.prototype.slice@1.0.4 want: ^1.23.5
39 silly fetch manifest es-abstract@^1.24.2
40 silly packumentCache full:https://registry.npmjs.org/es-abstract cache-hit
41 silly placeDep node_modules/es-iterator-helpers es-abstract@1.24.2 OK for: es-iterator-helpers@1.3.3 want: ^1.24.2
42 silly fetch manifest @esbuild/aix-ppc64@0.21.5
43 silly packumentCache full:https://registry.npmjs.org/@esbuild%2faix-ppc64 cache-miss
44 http fetch GET 200 https://registry.npmjs.org/@esbuild%2faix-ppc64 856ms (cache revalidated)
45 silly packumentCache full:https://registry.npmjs.org/@esbuild%2faix-ppc64 set size:65972 disposed:false
46 silly fetch manifest @esbuild/android-arm@0.21.5
47 silly packumentCache full:https://registry.npmjs.org/@esbuild%2fandroid-arm cache-miss
48 http fetch GET 200 https://registry.npmjs.org/@esbuild%2fandroid-arm 574ms (cache revalidated)
49 silly packumentCache full:https://registry.npmjs.org/@esbuild%2fandroid-arm set size:223400 disposed:false
50 silly fetch manifest @esbuild/android-arm64@0.21.5
51 silly packumentCache full:https://registry.npmjs.org/@esbuild%2fandroid-arm64 cache-miss
52 http fetch GET 200 https://registry.npmjs.org/@esbuild%2fandroid-arm64 536ms (cache revalidated)
53 silly packumentCache full:https://registry.npmjs.org/@esbuild%2fandroid-arm64 set size:202366 disposed:false
54 silly fetch manifest @esbuild/android-x64@0.21.5
55 silly packumentCache full:https://registry.npmjs.org/@esbuild%2fandroid-x64 cache-miss
56 http fetch GET 200 https://registry.npmjs.org/@esbuild%2fandroid-x64 680ms (cache revalidated)
57 silly packumentCache full:https://registry.npmjs.org/@esbuild%2fandroid-x64 set size:197200 disposed:false
58 silly fetch manifest @esbuild/darwin-arm64@0.21.5
59 silly packumentCache full:https://registry.npmjs.org/@esbuild%2fdarwin-arm64 cache-miss
60 http fetch GET 200 https://registry.npmjs.org/@esbuild%2fdarwin-arm64 258ms (cache revalidated)
61 silly packumentCache full:https://registry.npmjs.org/@esbuild%2fdarwin-arm64 set size:199630 disposed:false
62 silly fetch manifest @esbuild/darwin-x64@0.21.5
63 silly packumentCache full:https://registry.npmjs.org/@esbuild%2fdarwin-x64 cache-miss
64 http fetch GET 200 https://registry.npmjs.org/@esbuild%2fdarwin-x64 504ms (cache revalidated)
65 silly packumentCache full:https://registry.npmjs.org/@esbuild%2fdarwin-x64 set size:197848 disposed:false
66 silly fetch manifest @esbuild/freebsd-arm64@0.21.5
67 silly packumentCache full:https://registry.npmjs.org/@esbuild%2ffreebsd-arm64 cache-miss
68 http fetch GET 200 https://registry.npmjs.org/@esbuild%2ffreebsd-arm64 629ms (cache revalidated)
69 silly packumentCache full:https://registry.npmjs.org/@esbuild%2ffreebsd-arm64 set size:200534 disposed:false
70 silly fetch manifest @esbuild/freebsd-x64@0.21.5
71 silly packumentCache full:https://registry.npmjs.org/@esbuild%2ffreebsd-x64 cache-miss
72 http fetch GET 200 https://registry.npmjs.org/@esbuild%2ffreebsd-x64 376ms (cache revalidated)
73 silly packumentCache full:https://registry.npmjs.org/@esbuild%2ffreebsd-x64 set size:198734 disposed:false
74 silly fetch manifest @esbuild/linux-arm@0.21.5
75 silly packumentCache full:https://registry.npmjs.org/@esbuild%2flinux-arm cache-miss
76 http fetch GET 200 https://registry.npmjs.org/@esbuild%2flinux-arm 259ms (cache revalidated)
77 silly packumentCache full:https://registry.npmjs.org/@esbuild%2flinux-arm set size:196784 disposed:false
78 silly fetch manifest @esbuild/linux-arm64@0.21.5
79 silly packumentCache full:https://registry.npmjs.org/@esbuild%2flinux-arm64 cache-miss
80 http fetch GET 200 https://registry.npmjs.org/@esbuild%2flinux-arm64 260ms (cache revalidated)
81 silly packumentCache full:https://registry.npmjs.org/@esbuild%2flinux-arm64 set size:198939 disposed:false
82 silly fetch manifest @esbuild/linux-ia32@0.21.5
83 silly packumentCache full:https://registry.npmjs.org/@esbuild%2flinux-ia32 cache-miss
84 http fetch GET 200 https://registry.npmjs.org/@esbuild%2flinux-ia32 479ms (cache revalidated)
85 silly packumentCache full:https://registry.npmjs.org/@esbuild%2flinux-ia32 set size:197805 disposed:false
86 silly fetch manifest @esbuild/linux-loong64@0.21.5
87 silly packumentCache full:https://registry.npmjs.org/@esbuild%2flinux-loong64 cache-miss
88 http fetch GET 200 https://registry.npmjs.org/@esbuild%2flinux-loong64 380ms (cache revalidated)
89 silly packumentCache full:https://registry.npmjs.org/@esbuild%2flinux-loong64 set size:253896 disposed:false
90 silly fetch manifest @esbuild/linux-mips64el@0.21.5
91 silly packumentCache full:https://registry.npmjs.org/@esbuild%2flinux-mips64el cache-miss
92 http fetch GET 200 https://registry.npmjs.org/@esbuild%2flinux-mips64el 619ms (cache revalidated)
93 silly packumentCache full:https://registry.npmjs.org/@esbuild%2flinux-mips64el set size:202764 disposed:false
94 silly fetch manifest @esbuild/linux-ppc64@0.21.5
95 silly packumentCache full:https://registry.npmjs.org/@esbuild%2flinux-ppc64 cache-miss
96 http fetch GET 200 https://registry.npmjs.org/@esbuild%2flinux-ppc64 965ms (cache revalidated)
97 silly packumentCache full:https://registry.npmjs.org/@esbuild%2flinux-ppc64 set size:200994 disposed:false
98 silly fetch manifest @esbuild/linux-riscv64@0.21.5
99 silly packumentCache full:https://registry.npmjs.org/@esbuild%2flinux-riscv64 cache-miss
100 http fetch GET 200 https://registry.npmjs.org/@esbuild%2flinux-riscv64 1016ms (cache revalidated)
101 silly packumentCache full:https://registry.npmjs.org/@esbuild%2flinux-riscv64 set size:200662 disposed:false
102 silly fetch manifest @esbuild/linux-s390x@0.21.5
103 silly packumentCache full:https://registry.npmjs.org/@esbuild%2flinux-s390x cache-miss
104 http fetch GET 200 https://registry.npmjs.org/@esbuild%2flinux-s390x 400ms (cache revalidated)
105 silly packumentCache full:https://registry.npmjs.org/@esbuild%2flinux-s390x set size:200463 disposed:false
106 silly fetch manifest @esbuild/linux-x64@0.21.5
107 silly packumentCache full:https://registry.npmjs.org/@esbuild%2flinux-x64 cache-miss
108 http fetch GET 200 https://registry.npmjs.org/@esbuild%2flinux-x64 264ms (cache revalidated)
109 silly packumentCache full:https://registry.npmjs.org/@esbuild%2flinux-x64 set size:197126 disposed:false
110 silly fetch manifest @esbuild/netbsd-x64@0.21.5
111 silly packumentCache full:https://registry.npmjs.org/@esbuild%2fnetbsd-x64 cache-miss
112 http fetch GET 200 https://registry.npmjs.org/@esbuild%2fnetbsd-x64 510ms (cache revalidated)
113 silly packumentCache full:https://registry.npmjs.org/@esbuild%2fnetbsd-x64 set size:195514 disposed:false
114 silly fetch manifest @esbuild/openbsd-x64@0.21.5
115 silly packumentCache full:https://registry.npmjs.org/@esbuild%2fopenbsd-x64 cache-miss
116 http fetch GET 200 https://registry.npmjs.org/@esbuild%2fopenbsd-x64 664ms (cache revalidated)
117 silly packumentCache full:https://registry.npmjs.org/@esbuild%2fopenbsd-x64 set size:198745 disposed:false
118 silly fetch manifest @esbuild/sunos-x64@0.21.5
119 silly packumentCache full:https://registry.npmjs.org/@esbuild%2fsunos-x64 cache-miss
120 http fetch GET 200 https://registry.npmjs.org/@esbuild%2fsunos-x64 310ms (cache revalidated)
121 silly packumentCache full:https://registry.npmjs.org/@esbuild%2fsunos-x64 set size:197370 disposed:false
122 silly fetch manifest @esbuild/win32-arm64@0.21.5
123 silly packumentCache full:https://registry.npmjs.org/@esbuild%2fwin32-arm64 cache-miss
124 http fetch GET 200 https://registry.npmjs.org/@esbuild%2fwin32-arm64 517ms (cache revalidated)
125 silly packumentCache full:https://registry.npmjs.org/@esbuild%2fwin32-arm64 set size:199171 disposed:false
126 silly fetch manifest @esbuild/win32-ia32@0.21.5
127 silly packumentCache full:https://registry.npmjs.org/@esbuild%2fwin32-ia32 cache-miss
128 http fetch GET 200 https://registry.npmjs.org/@esbuild%2fwin32-ia32 771ms (cache revalidated)
129 silly packumentCache full:https://registry.npmjs.org/@esbuild%2fwin32-ia32 set size:198030 disposed:false
130 silly fetch manifest @esbuild/win32-x64@0.21.5
131 silly packumentCache full:https://registry.npmjs.org/@esbuild%2fwin32-x64 cache-miss
132 http fetch GET 200 https://registry.npmjs.org/@esbuild%2fwin32-x64 633ms (cache revalidated)
133 silly packumentCache full:https://registry.npmjs.org/@esbuild%2fwin32-x64 set size:195722 disposed:false
134 silly placeDep ROOT @esbuild/aix-ppc64@0.21.5 OK for: esbuild@0.21.5 want: 0.21.5
135 silly placeDep ROOT @esbuild/android-arm@0.21.5 OK for: esbuild@0.21.5 want: 0.21.5
136 silly placeDep ROOT @esbuild/android-arm64@0.21.5 OK for: esbuild@0.21.5 want: 0.21.5
137 silly placeDep ROOT @esbuild/android-x64@0.21.5 OK for: esbuild@0.21.5 want: 0.21.5
138 silly placeDep node_modules/esbuild @esbuild/darwin-arm64@0.21.5 OK for: esbuild@0.21.5 want: 0.21.5
139 silly placeDep ROOT @esbuild/darwin-x64@0.21.5 OK for: esbuild@0.21.5 want: 0.21.5
140 silly placeDep ROOT @esbuild/freebsd-arm64@0.21.5 OK for: esbuild@0.21.5 want: 0.21.5
141 silly placeDep ROOT @esbuild/freebsd-x64@0.21.5 OK for: esbuild@0.21.5 want: 0.21.5
142 silly placeDep ROOT @esbuild/linux-arm@0.21.5 OK for: esbuild@0.21.5 want: 0.21.5
143 silly placeDep ROOT @esbuild/linux-arm64@0.21.5 OK for: esbuild@0.21.5 want: 0.21.5
144 silly placeDep ROOT @esbuild/linux-ia32@0.21.5 OK for: esbuild@0.21.5 want: 0.21.5
145 silly placeDep ROOT @esbuild/linux-loong64@0.21.5 OK for: esbuild@0.21.5 want: 0.21.5
146 silly placeDep ROOT @esbuild/linux-mips64el@0.21.5 OK for: esbuild@0.21.5 want: 0.21.5
147 silly placeDep ROOT @esbuild/linux-ppc64@0.21.5 OK for: esbuild@0.21.5 want: 0.21.5
148 silly placeDep ROOT @esbuild/linux-riscv64@0.21.5 OK for: esbuild@0.21.5 want: 0.21.5
149 silly placeDep ROOT @esbuild/linux-s390x@0.21.5 OK for: esbuild@0.21.5 want: 0.21.5
150 silly placeDep ROOT @esbuild/linux-x64@0.21.5 OK for: esbuild@0.21.5 want: 0.21.5
151 silly placeDep ROOT @esbuild/netbsd-x64@0.21.5 OK for: esbuild@0.21.5 want: 0.21.5
152 silly placeDep ROOT @esbuild/openbsd-x64@0.21.5 OK for: esbuild@0.21.5 want: 0.21.5
153 silly placeDep ROOT @esbuild/sunos-x64@0.21.5 OK for: esbuild@0.21.5 want: 0.21.5
154 silly placeDep ROOT @esbuild/win32-arm64@0.21.5 OK for: esbuild@0.21.5 want: 0.21.5
155 silly placeDep ROOT @esbuild/win32-ia32@0.21.5 OK for: esbuild@0.21.5 want: 0.21.5
156 silly placeDep ROOT @esbuild/win32-x64@0.21.5 OK for: esbuild@0.21.5 want: 0.21.5
157 silly fetch manifest debug@^3.2.7
158 silly packumentCache full:https://registry.npmjs.org/debug cache-miss
159 http fetch GET 200 https://registry.npmjs.org/debug 62ms (cache revalidated)
160 silly packumentCache full:https://registry.npmjs.org/debug set size:195840 disposed:false
161 silly placeDep node_modules/eslint-module-utils debug@3.2.7 REPLACE for: eslint-module-utils@2.13.0 want: ^3.2.7
162 silly fetch manifest ms@^2.1.1
163 silly packumentCache full:https://registry.npmjs.org/ms cache-miss
164 http fetch GET 200 https://registry.npmjs.org/ms 45ms (cache revalidated)
165 silly packumentCache full:https://registry.npmjs.org/ms set size:92208 disposed:false
166 silly fetch manifest array.prototype.flatmap@^1.3.3
167 silly packumentCache full:https://registry.npmjs.org/array.prototype.flatmap cache-miss
168 http fetch GET 200 https://registry.npmjs.org/array.prototype.flatmap 220ms (cache revalidated)
169 silly packumentCache full:https://registry.npmjs.org/array.prototype.flatmap set size:51458 disposed:false
170 silly fetch manifest semver@^6.3.1
171 silly packumentCache full:https://registry.npmjs.org/semver cache-miss
172 http fetch GET 200 https://registry.npmjs.org/semver 54ms (cache revalidated)
173 silly packumentCache full:https://registry.npmjs.org/semver set size:246125 disposed:false
174 silly placeDep node_modules/node-exports-info array.prototype.flatmap@1.3.3 OK for: node-exports-info@1.6.2 want: ^1.3.3
175 silly placeDep node_modules/node-exports-info semver@6.3.1 REPLACE for: node-exports-info@1.6.2 want: ^6.3.1
176 silly placeDep node_modules/object.fromentries es-abstract@1.24.2 OK for: object.fromentries@2.0.8 want: ^1.23.2
177 silly placeDep node_modules/object.groupby es-abstract@1.24.2 OK for: object.groupby@1.0.3 want: ^1.23.2
178 silly placeDep node_modules/reflect.getprototypeof es-abstract@1.24.2 OK for: reflect.getprototypeof@1.0.10 want: ^1.23.9
179 silly fetch manifest @rollup/rollup-android-arm-eabi@4.62.2
180 silly packumentCache full:https://registry.npmjs.org/@rollup%2frollup-android-arm-eabi cache-miss
181 http fetch GET 200 https://registry.npmjs.org/@rollup%2frollup-android-arm-eabi 618ms (cache revalidated)
182 silly packumentCache full:https://registry.npmjs.org/@rollup%2frollup-android-arm-eabi set size:352055 disposed:false
183 silly fetch manifest @rollup/rollup-android-arm64@4.62.2
184 silly packumentCache full:https://registry.npmjs.org/@rollup%2frollup-android-arm64 cache-miss
185 http fetch GET 200 https://registry.npmjs.org/@rollup%2frollup-android-arm64 1221ms (cache revalidated)
186 silly packumentCache full:https://registry.npmjs.org/@rollup%2frollup-android-arm64 set size:348555 disposed:false
187 silly fetch manifest @rollup/rollup-darwin-x64@4.62.2
188 silly packumentCache full:https://registry.npmjs.org/@rollup%2frollup-darwin-x64 cache-miss
189 http fetch GET 200 https://registry.npmjs.org/@rollup%2frollup-darwin-x64 711ms (cache revalidated)
190 silly packumentCache full:https://registry.npmjs.org/@rollup%2frollup-darwin-x64 set size:342135 disposed:false
191 silly fetch manifest @rollup/rollup-freebsd-arm64@4.62.2
192 silly packumentCache full:https://registry.npmjs.org/@rollup%2frollup-freebsd-arm64 cache-miss
193 http fetch GET 200 https://registry.npmjs.org/@rollup%2frollup-freebsd-arm64 623ms (cache revalidated)
194 silly packumentCache full:https://registry.npmjs.org/@rollup%2frollup-freebsd-arm64 set size:196758 disposed:false
195 silly fetch manifest @rollup/rollup-freebsd-x64@4.62.2
196 silly packumentCache full:https://registry.npmjs.org/@rollup%2frollup-freebsd-x64 cache-miss
197 http fetch GET 200 https://registry.npmjs.org/@rollup%2frollup-freebsd-x64 972ms (cache revalidated)
198 silly packumentCache full:https://registry.npmjs.org/@rollup%2frollup-freebsd-x64 set size:194771 disposed:false
199 silly fetch manifest @rollup/rollup-linux-arm-gnueabihf@4.62.2
200 silly packumentCache full:https://registry.npmjs.org/@rollup%2frollup-linux-arm-gnueabihf cache-miss
201 http fetch GET 200 https://registry.npmjs.org/@rollup%2frollup-linux-arm-gnueabihf 634ms (cache revalidated)
202 silly packumentCache full:https://registry.npmjs.org/@rollup%2frollup-linux-arm-gnueabihf set size:357969 disposed:false
203 silly fetch manifest @rollup/rollup-linux-arm-musleabihf@4.62.2
204 silly packumentCache full:https://registry.npmjs.org/@rollup%2frollup-linux-arm-musleabihf cache-miss
205 http fetch GET 200 https://registry.npmjs.org/@rollup%2frollup-linux-arm-musleabihf 623ms (cache revalidated)
206 silly packumentCache full:https://registry.npmjs.org/@rollup%2frollup-linux-arm-musleabihf set size:252175 disposed:false
207 silly fetch manifest @rollup/rollup-linux-arm64-gnu@4.62.2
208 silly packumentCache full:https://registry.npmjs.org/@rollup%2frollup-linux-arm64-gnu cache-miss
209 http fetch GET 200 https://registry.npmjs.org/@rollup%2frollup-linux-arm64-gnu 723ms (cache revalidated)
210 silly packumentCache full:https://registry.npmjs.org/@rollup%2frollup-linux-arm64-gnu set size:354340 disposed:false
211 silly fetch manifest @rollup/rollup-linux-arm64-musl@4.62.2
212 silly packumentCache full:https://registry.npmjs.org/@rollup%2frollup-linux-arm64-musl cache-miss
213 http fetch GET 200 https://registry.npmjs.org/@rollup%2frollup-linux-arm64-musl 628ms (cache revalidated)
214 silly packumentCache full:https://registry.npmjs.org/@rollup%2frollup-linux-arm64-musl set size:309760 disposed:false
215 silly fetch manifest @rollup/rollup-linux-loong64-gnu@4.62.2
216 silly packumentCache full:https://registry.npmjs.org/@rollup%2frollup-linux-loong64-gnu cache-miss
217 http fetch GET 200 https://registry.npmjs.org/@rollup%2frollup-linux-loong64-gnu 1132ms (cache revalidated)
218 silly packumentCache full:https://registry.npmjs.org/@rollup%2frollup-linux-loong64-gnu set size:78884 disposed:false
219 silly fetch manifest @rollup/rollup-linux-loong64-musl@4.62.2
220 silly packumentCache full:https://registry.npmjs.org/@rollup%2frollup-linux-loong64-musl cache-miss
221 http fetch GET 200 https://registry.npmjs.org/@rollup%2frollup-linux-loong64-musl 1138ms (cache revalidated)
222 silly packumentCache full:https://registry.npmjs.org/@rollup%2frollup-linux-loong64-musl set size:40918 disposed:false
223 silly fetch manifest @rollup/rollup-linux-ppc64-gnu@4.62.2
224 silly packumentCache full:https://registry.npmjs.org/@rollup%2frollup-linux-ppc64-gnu cache-miss
225 http fetch GET 200 https://registry.npmjs.org/@rollup%2frollup-linux-ppc64-gnu 1145ms (cache revalidated)
226 silly packumentCache full:https://registry.npmjs.org/@rollup%2frollup-linux-ppc64-gnu set size:99023 disposed:false
227 silly fetch manifest @rollup/rollup-linux-ppc64-musl@4.62.2
228 silly packumentCache full:https://registry.npmjs.org/@rollup%2frollup-linux-ppc64-musl cache-miss
229 http fetch GET 200 https://registry.npmjs.org/@rollup%2frollup-linux-ppc64-musl 1125ms (cache revalidated)
230 silly packumentCache full:https://registry.npmjs.org/@rollup%2frollup-linux-ppc64-musl set size:40580 disposed:false
231 silly fetch manifest @rollup/rollup-linux-riscv64-gnu@4.62.2
232 silly packumentCache full:https://registry.npmjs.org/@rollup%2frollup-linux-riscv64-gnu cache-miss
233 http fetch GET 200 https://registry.npmjs.org/@rollup%2frollup-linux-riscv64-gnu 1151ms (cache revalidated)
234 silly packumentCache full:https://registry.npmjs.org/@rollup%2frollup-linux-riscv64-gnu set size:280570 disposed:false
235 silly fetch manifest @rollup/rollup-linux-riscv64-musl@4.62.2
236 silly packumentCache full:https://registry.npmjs.org/@rollup%2frollup-linux-riscv64-musl cache-miss
237 http fetch GET 200 https://registry.npmjs.org/@rollup%2frollup-linux-riscv64-musl 708ms (cache revalidated)
238 silly packumentCache full:https://registry.npmjs.org/@rollup%2frollup-linux-riscv64-musl set size:126584 disposed:false
239 silly fetch manifest @rollup/rollup-linux-s390x-gnu@4.62.2
240 silly packumentCache full:https://registry.npmjs.org/@rollup%2frollup-linux-s390x-gnu cache-miss
241 http fetch GET 200 https://registry.npmjs.org/@rollup%2frollup-linux-s390x-gnu 766ms (cache revalidated)
242 silly packumentCache full:https://registry.npmjs.org/@rollup%2frollup-linux-s390x-gnu set size:254191 disposed:false
243 silly fetch manifest @rollup/rollup-linux-x64-gnu@4.62.2
244 silly packumentCache full:https://registry.npmjs.org/@rollup%2frollup-linux-x64-gnu cache-miss
245 http fetch GET 200 https://registry.npmjs.org/@rollup%2frollup-linux-x64-gnu 486ms (cache revalidated)
246 silly packumentCache full:https://registry.npmjs.org/@rollup%2frollup-linux-x64-gnu set size:349401 disposed:false
247 silly fetch manifest @rollup/rollup-linux-x64-musl@4.62.2
248 silly packumentCache full:https://registry.npmjs.org/@rollup%2frollup-linux-x64-musl cache-miss
249 http fetch GET 200 https://registry.npmjs.org/@rollup%2frollup-linux-x64-musl 894ms (cache revalidated)
250 silly packumentCache full:https://registry.npmjs.org/@rollup%2frollup-linux-x64-musl set size:348779 disposed:false
251 silly fetch manifest @rollup/rollup-openbsd-x64@4.62.2
252 silly packumentCache full:https://registry.npmjs.org/@rollup%2frollup-openbsd-x64 cache-miss
253 http fetch GET 200 https://registry.npmjs.org/@rollup%2frollup-openbsd-x64 815ms (cache revalidated)
254 silly packumentCache full:https://registry.npmjs.org/@rollup%2frollup-openbsd-x64 set size:39516 disposed:false
255 silly fetch manifest @rollup/rollup-openharmony-arm64@4.62.2
256 silly packumentCache full:https://registry.npmjs.org/@rollup%2frollup-openharmony-arm64 cache-miss
257 http fetch GET 200 https://registry.npmjs.org/@rollup%2frollup-openharmony-arm64 696ms (cache revalidated)
258 silly packumentCache full:https://registry.npmjs.org/@rollup%2frollup-openharmony-arm64 set size:79697 disposed:false
259 silly fetch manifest @rollup/rollup-win32-arm64-msvc@4.62.2
260 silly packumentCache full:https://registry.npmjs.org/@rollup%2frollup-win32-arm64-msvc cache-miss
261 http fetch GET 200 https://registry.npmjs.org/@rollup%2frollup-win32-arm64-msvc 1176ms (cache revalidated)
262 silly packumentCache full:https://registry.npmjs.org/@rollup%2frollup-win32-arm64-msvc set size:352045 disposed:false
263 silly fetch manifest @rollup/rollup-win32-ia32-msvc@4.62.2
264 silly packumentCache full:https://registry.npmjs.org/@rollup%2frollup-win32-ia32-msvc cache-miss
265 http fetch GET 200 https://registry.npmjs.org/@rollup%2frollup-win32-ia32-msvc 610ms (cache revalidated)
266 silly packumentCache full:https://registry.npmjs.org/@rollup%2frollup-win32-ia32-msvc set size:350519 disposed:false
267 silly fetch manifest @rollup/rollup-win32-x64-gnu@4.62.2
268 silly packumentCache full:https://registry.npmjs.org/@rollup%2frollup-win32-x64-gnu cache-miss
269 http fetch GET 200 https://registry.npmjs.org/@rollup%2frollup-win32-x64-gnu 888ms (cache revalidated)
270 silly packumentCache full:https://registry.npmjs.org/@rollup%2frollup-win32-x64-gnu set size:70180 disposed:false
271 silly fetch manifest @rollup/rollup-win32-x64-msvc@4.62.2
272 silly packumentCache full:https://registry.npmjs.org/@rollup%2frollup-win32-x64-msvc cache-miss
273 http fetch GET 200 https://registry.npmjs.org/@rollup%2frollup-win32-x64-msvc 669ms (cache revalidated)
274 silly packumentCache full:https://registry.npmjs.org/@rollup%2frollup-win32-x64-msvc set size:347128 disposed:false
275 silly placeDep ROOT @rollup/rollup-android-arm-eabi@4.62.2 OK for: rollup@4.62.2 want: 4.62.2
276 silly placeDep ROOT @rollup/rollup-android-arm64@4.62.2 OK for: rollup@4.62.2 want: 4.62.2
277 silly placeDep ROOT @rollup/rollup-darwin-x64@4.62.2 OK for: rollup@4.62.2 want: 4.62.2
278 silly placeDep ROOT @rollup/rollup-freebsd-arm64@4.62.2 OK for: rollup@4.62.2 want: 4.62.2
279 silly placeDep ROOT @rollup/rollup-freebsd-x64@4.62.2 OK for: rollup@4.62.2 want: 4.62.2
280 silly placeDep ROOT @rollup/rollup-linux-arm-gnueabihf@4.62.2 OK for: rollup@4.62.2 want: 4.62.2
281 silly placeDep ROOT @rollup/rollup-linux-arm-musleabihf@4.62.2 OK for: rollup@4.62.2 want: 4.62.2
282 silly placeDep ROOT @rollup/rollup-linux-arm64-gnu@4.62.2 OK for: rollup@4.62.2 want: 4.62.2
283 silly placeDep ROOT @rollup/rollup-linux-arm64-musl@4.62.2 OK for: rollup@4.62.2 want: 4.62.2
284 silly placeDep ROOT @rollup/rollup-linux-loong64-gnu@4.62.2 OK for: rollup@4.62.2 want: 4.62.2
285 silly placeDep ROOT @rollup/rollup-linux-loong64-musl@4.62.2 OK for: rollup@4.62.2 want: 4.62.2
286 silly placeDep ROOT @rollup/rollup-linux-ppc64-gnu@4.62.2 OK for: rollup@4.62.2 want: 4.62.2
287 silly placeDep ROOT @rollup/rollup-linux-ppc64-musl@4.62.2 OK for: rollup@4.62.2 want: 4.62.2
288 silly placeDep ROOT @rollup/rollup-linux-riscv64-gnu@4.62.2 OK for: rollup@4.62.2 want: 4.62.2
289 silly placeDep ROOT @rollup/rollup-linux-riscv64-musl@4.62.2 OK for: rollup@4.62.2 want: 4.62.2
290 silly placeDep ROOT @rollup/rollup-linux-s390x-gnu@4.62.2 OK for: rollup@4.62.2 want: 4.62.2
291 silly placeDep ROOT @rollup/rollup-linux-x64-gnu@4.62.2 OK for: rollup@4.62.2 want: 4.62.2
292 silly placeDep ROOT @rollup/rollup-linux-x64-musl@4.62.2 OK for: rollup@4.62.2 want: 4.62.2
293 silly placeDep ROOT @rollup/rollup-openbsd-x64@4.62.2 OK for: rollup@4.62.2 want: 4.62.2
294 silly placeDep ROOT @rollup/rollup-openharmony-arm64@4.62.2 OK for: rollup@4.62.2 want: 4.62.2
295 silly placeDep ROOT @rollup/rollup-win32-arm64-msvc@4.62.2 OK for: rollup@4.62.2 want: 4.62.2
296 silly placeDep ROOT @rollup/rollup-win32-ia32-msvc@4.62.2 OK for: rollup@4.62.2 want: 4.62.2
297 silly placeDep ROOT @rollup/rollup-win32-x64-gnu@4.62.2 OK for: rollup@4.62.2 want: 4.62.2
298 silly placeDep ROOT @rollup/rollup-win32-x64-msvc@4.62.2 OK for: rollup@4.62.2 want: 4.62.2
299 silly fetch manifest @img/sharp-darwin-x64@0.34.5
300 silly packumentCache full:https://registry.npmjs.org/@img%2fsharp-darwin-x64 cache-miss
301 http fetch GET 200 https://registry.npmjs.org/@img%2fsharp-darwin-x64 720ms (cache revalidated)
302 silly packumentCache full:https://registry.npmjs.org/@img%2fsharp-darwin-x64 set size:99734 disposed:false
303 silly fetch manifest @img/sharp-libvips-darwin-x64@1.2.4
304 silly packumentCache full:https://registry.npmjs.org/@img%2fsharp-libvips-darwin-x64 cache-miss
305 http fetch GET 200 https://registry.npmjs.org/@img%2fsharp-libvips-darwin-x64 1529ms (cache revalidated)
306 silly packumentCache full:https://registry.npmjs.org/@img%2fsharp-libvips-darwin-x64 set size:76671 disposed:false
307 silly fetch manifest @img/sharp-libvips-linux-arm@1.2.4
308 silly packumentCache full:https://registry.npmjs.org/@img%2fsharp-libvips-linux-arm cache-miss
309 http fetch GET 200 https://registry.npmjs.org/@img%2fsharp-libvips-linux-arm 623ms (cache revalidated)
310 silly packumentCache full:https://registry.npmjs.org/@img%2fsharp-libvips-linux-arm set size:83993 disposed:false
311 silly fetch manifest @img/sharp-libvips-linux-arm64@1.2.4
312 silly packumentCache full:https://registry.npmjs.org/@img%2fsharp-libvips-linux-arm64 cache-miss
313 http fetch GET 200 https://registry.npmjs.org/@img%2fsharp-libvips-linux-arm64 927ms (cache revalidated)
314 silly packumentCache full:https://registry.npmjs.org/@img%2fsharp-libvips-linux-arm64 set size:81049 disposed:false
315 silly fetch manifest @img/sharp-libvips-linux-ppc64@1.2.4
316 silly packumentCache full:https://registry.npmjs.org/@img%2fsharp-libvips-linux-ppc64 cache-miss
317 http fetch GET 200 https://registry.npmjs.org/@img%2fsharp-libvips-linux-ppc64 1037ms (cache revalidated)
318 silly packumentCache full:https://registry.npmjs.org/@img%2fsharp-libvips-linux-ppc64 set size:66100 disposed:false
319 silly fetch manifest @img/sharp-libvips-linux-riscv64@1.2.4
320 silly packumentCache full:https://registry.npmjs.org/@img%2fsharp-libvips-linux-riscv64 cache-miss
321 http fetch GET 200 https://registry.npmjs.org/@img%2fsharp-libvips-linux-riscv64 622ms (cache revalidated)
322 silly packumentCache full:https://registry.npmjs.org/@img%2fsharp-libvips-linux-riscv64 set size:52272 disposed:false
323 silly fetch manifest @img/sharp-libvips-linux-s390x@1.2.4
324 silly packumentCache full:https://registry.npmjs.org/@img%2fsharp-libvips-linux-s390x cache-miss
325 http fetch GET 200 https://registry.npmjs.org/@img%2fsharp-libvips-linux-s390x 859ms (cache revalidated)
326 silly packumentCache full:https://registry.npmjs.org/@img%2fsharp-libvips-linux-s390x set size:75068 disposed:false
327 silly fetch manifest @img/sharp-libvips-linux-x64@1.2.4
328 silly packumentCache full:https://registry.npmjs.org/@img%2fsharp-libvips-linux-x64 cache-miss
329 http fetch GET 200 https://registry.npmjs.org/@img%2fsharp-libvips-linux-x64 659ms (cache revalidated)
330 silly packumentCache full:https://registry.npmjs.org/@img%2fsharp-libvips-linux-x64 set size:79852 disposed:false
331 silly fetch manifest @img/sharp-libvips-linuxmusl-arm64@1.2.4
332 silly packumentCache full:https://registry.npmjs.org/@img%2fsharp-libvips-linuxmusl-arm64 cache-miss
333 http fetch GET 200 https://registry.npmjs.org/@img%2fsharp-libvips-linuxmusl-arm64 824ms (cache revalidated)
334 silly packumentCache full:https://registry.npmjs.org/@img%2fsharp-libvips-linuxmusl-arm64 set size:80185 disposed:false
335 silly fetch manifest @img/sharp-libvips-linuxmusl-x64@1.2.4
336 silly packumentCache full:https://registry.npmjs.org/@img%2fsharp-libvips-linuxmusl-x64 cache-miss
337 http fetch GET 200 https://registry.npmjs.org/@img%2fsharp-libvips-linuxmusl-x64 824ms (cache revalidated)
338 silly packumentCache full:https://registry.npmjs.org/@img%2fsharp-libvips-linuxmusl-x64 set size:77146 disposed:false
339 silly fetch manifest @img/sharp-linux-arm@0.34.5
340 silly packumentCache full:https://registry.npmjs.org/@img%2fsharp-linux-arm cache-miss
341 http fetch GET 200 https://registry.npmjs.org/@img%2fsharp-linux-arm 755ms (cache revalidated)
342 silly packumentCache full:https://registry.npmjs.org/@img%2fsharp-linux-arm set size:97861 disposed:false
343 silly fetch manifest @img/sharp-linux-arm64@0.34.5
344 silly packumentCache full:https://registry.npmjs.org/@img%2fsharp-linux-arm64 cache-miss
345 http fetch GET 200 https://registry.npmjs.org/@img%2fsharp-linux-arm64 972ms (cache revalidated)
346 silly packumentCache full:https://registry.npmjs.org/@img%2fsharp-linux-arm64 set size:98665 disposed:false
347 silly fetch manifest @img/sharp-linux-ppc64@0.34.5
348 silly packumentCache full:https://registry.npmjs.org/@img%2fsharp-linux-ppc64 cache-miss
349 http fetch GET 200 https://registry.npmjs.org/@img%2fsharp-linux-ppc64 1111ms (cache revalidated)
350 silly packumentCache full:https://registry.npmjs.org/@img%2fsharp-linux-ppc64 set size:63295 disposed:false
351 silly fetch manifest @img/sharp-linux-riscv64@0.34.5
352 silly packumentCache full:https://registry.npmjs.org/@img%2fsharp-linux-riscv64 cache-miss
353 http fetch GET 200 https://registry.npmjs.org/@img%2fsharp-linux-riscv64 1356ms (cache revalidated)
354 silly packumentCache full:https://registry.npmjs.org/@img%2fsharp-linux-riscv64 set size:40746 disposed:false
355 silly fetch manifest @img/sharp-linux-s390x@0.34.5
356 silly packumentCache full:https://registry.npmjs.org/@img%2fsharp-linux-s390x cache-miss
357 http fetch GET 200 https://registry.npmjs.org/@img%2fsharp-linux-s390x 1179ms (cache revalidated)
358 silly packumentCache full:https://registry.npmjs.org/@img%2fsharp-linux-s390x set size:96558 disposed:false
359 silly fetch manifest @img/sharp-linux-x64@0.34.5
360 silly packumentCache full:https://registry.npmjs.org/@img%2fsharp-linux-x64 cache-miss
361 http fetch GET 200 https://registry.npmjs.org/@img%2fsharp-linux-x64 1751ms (cache revalidated)
362 silly packumentCache full:https://registry.npmjs.org/@img%2fsharp-linux-x64 set size:97392 disposed:false
363 silly fetch manifest @img/sharp-linuxmusl-arm64@0.34.5
364 silly packumentCache full:https://registry.npmjs.org/@img%2fsharp-linuxmusl-arm64 cache-miss
365 http fetch GET 200 https://registry.npmjs.org/@img%2fsharp-linuxmusl-arm64 1115ms (cache revalidated)
366 silly packumentCache full:https://registry.npmjs.org/@img%2fsharp-linuxmusl-arm64 set size:100207 disposed:false
367 silly fetch manifest @img/sharp-linuxmusl-x64@0.34.5
368 silly packumentCache full:https://registry.npmjs.org/@img%2fsharp-linuxmusl-x64 cache-miss
369 http fetch GET 200 https://registry.npmjs.org/@img%2fsharp-linuxmusl-x64 614ms (cache revalidated)
370 silly packumentCache full:https://registry.npmjs.org/@img%2fsharp-linuxmusl-x64 set size:98926 disposed:false
371 silly fetch manifest @img/sharp-wasm32@0.34.5
372 silly packumentCache full:https://registry.npmjs.org/@img%2fsharp-wasm32 cache-miss
373 http fetch GET 200 https://registry.npmjs.org/@img%2fsharp-wasm32 1056ms (cache revalidated)
374 silly packumentCache full:https://registry.npmjs.org/@img%2fsharp-wasm32 set size:91518 disposed:false
375 silly fetch manifest @img/sharp-win32-arm64@0.34.5
376 silly packumentCache full:https://registry.npmjs.org/@img%2fsharp-win32-arm64 cache-miss
377 http fetch GET 200 https://registry.npmjs.org/@img%2fsharp-win32-arm64 774ms (cache revalidated)
378 silly packumentCache full:https://registry.npmjs.org/@img%2fsharp-win32-arm64 set size:54426 disposed:false
379 silly fetch manifest @img/sharp-win32-ia32@0.34.5
380 silly packumentCache full:https://registry.npmjs.org/@img%2fsharp-win32-ia32 cache-miss
381 http fetch GET 200 https://registry.npmjs.org/@img%2fsharp-win32-ia32 986ms (cache revalidated)
382 silly packumentCache full:https://registry.npmjs.org/@img%2fsharp-win32-ia32 set size:95446 disposed:false
383 silly fetch manifest @img/sharp-win32-x64@0.34.5
384 silly packumentCache full:https://registry.npmjs.org/@img%2fsharp-win32-x64 cache-miss
385 http fetch GET 200 https://registry.npmjs.org/@img%2fsharp-win32-x64 716ms (cache revalidated)
386 silly packumentCache full:https://registry.npmjs.org/@img%2fsharp-win32-x64 set size:94530 disposed:false
387 silly placeDep ROOT @img/sharp-darwin-x64@0.34.5 OK for: sharp@0.34.5 want: 0.34.5
388 silly placeDep node_modules/sharp @img/sharp-libvips-darwin-arm64@1.2.4 OK for: sharp@0.34.5 want: 1.2.4
389 silly placeDep ROOT @img/sharp-libvips-darwin-x64@1.2.4 OK for: sharp@0.34.5 want: 1.2.4
390 silly placeDep ROOT @img/sharp-libvips-linux-arm@1.2.4 OK for: sharp@0.34.5 want: 1.2.4
391 silly placeDep ROOT @img/sharp-libvips-linux-arm64@1.2.4 OK for: sharp@0.34.5 want: 1.2.4
392 silly placeDep ROOT @img/sharp-libvips-linux-ppc64@1.2.4 OK for: sharp@0.34.5 want: 1.2.4
393 silly placeDep ROOT @img/sharp-libvips-linux-riscv64@1.2.4 OK for: sharp@0.34.5 want: 1.2.4
394 silly placeDep ROOT @img/sharp-libvips-linux-s390x@1.2.4 OK for: sharp@0.34.5 want: 1.2.4
395 silly placeDep ROOT @img/sharp-libvips-linux-x64@1.2.4 OK for: sharp@0.34.5 want: 1.2.4
396 silly placeDep ROOT @img/sharp-libvips-linuxmusl-arm64@1.2.4 OK for: sharp@0.34.5 want: 1.2.4
397 silly placeDep ROOT @img/sharp-libvips-linuxmusl-x64@1.2.4 OK for: sharp@0.34.5 want: 1.2.4
398 silly placeDep ROOT @img/sharp-linux-arm@0.34.5 OK for: sharp@0.34.5 want: 0.34.5
399 silly placeDep ROOT @img/sharp-linux-arm64@0.34.5 OK for: sharp@0.34.5 want: 0.34.5
400 silly placeDep ROOT @img/sharp-linux-ppc64@0.34.5 OK for: sharp@0.34.5 want: 0.34.5
401 silly placeDep ROOT @img/sharp-linux-riscv64@0.34.5 OK for: sharp@0.34.5 want: 0.34.5
402 silly placeDep ROOT @img/sharp-linux-s390x@0.34.5 OK for: sharp@0.34.5 want: 0.34.5
403 silly placeDep ROOT @img/sharp-linux-x64@0.34.5 OK for: sharp@0.34.5 want: 0.34.5
404 silly placeDep ROOT @img/sharp-linuxmusl-arm64@0.34.5 OK for: sharp@0.34.5 want: 0.34.5
405 silly placeDep ROOT @img/sharp-linuxmusl-x64@0.34.5 OK for: sharp@0.34.5 want: 0.34.5
406 silly placeDep ROOT @img/sharp-wasm32@0.34.5 OK for: sharp@0.34.5 want: 0.34.5
407 silly placeDep ROOT @img/sharp-win32-arm64@0.34.5 OK for: sharp@0.34.5 want: 0.34.5
408 silly placeDep ROOT @img/sharp-win32-ia32@0.34.5 OK for: sharp@0.34.5 want: 0.34.5
409 silly placeDep ROOT @img/sharp-win32-x64@0.34.5 OK for: sharp@0.34.5 want: 0.34.5
410 silly fetch manifest @emnapi/runtime@^1.7.0
411 silly packumentCache full:https://registry.npmjs.org/@emnapi%2fruntime cache-miss
412 http fetch GET 200 https://registry.npmjs.org/@emnapi%2fruntime 127ms (cache revalidated)
413 silly packumentCache full:https://registry.npmjs.org/@emnapi%2fruntime set size:116352 disposed:false
414 silly placeDep ROOT @emnapi/runtime@1.11.1 OK for: @img/sharp-wasm32@0.34.5 want: ^1.7.0
415 silly placeDep node_modules/string.prototype.includes es-abstract@1.24.2 OK for: string.prototype.includes@2.0.1 want: ^1.23.3
416 silly fetch manifest es-abstract@^1.23.6
417 silly packumentCache full:https://registry.npmjs.org/es-abstract cache-hit
418 silly placeDep node_modules/string.prototype.matchall es-abstract@1.24.2 OK for: string.prototype.matchall@4.0.12 want: ^1.23.6
419 silly fetch manifest es-abstract@^1.17.5
420 silly packumentCache full:https://registry.npmjs.org/es-abstract cache-hit
421 silly placeDep node_modules/string.prototype.repeat es-abstract@1.24.2 OK for: string.prototype.repeat@1.0.0 want: ^1.17.5
422 silly placeDep node_modules/string.prototype.trim es-abstract@1.24.2 OK for: string.prototype.trim@1.2.11 want: ^1.24.2
423 silly fetch manifest fdir@^6.5.0
424 silly packumentCache full:https://registry.npmjs.org/fdir cache-miss
425 http fetch GET 200 https://registry.npmjs.org/fdir 254ms (cache revalidated)
426 silly packumentCache full:https://registry.npmjs.org/fdir set size:136182 disposed:false
427 silly fetch manifest picomatch@^4.0.4
428 silly packumentCache full:https://registry.npmjs.org/picomatch cache-miss
429 http fetch GET 200 https://registry.npmjs.org/picomatch 72ms (cache revalidated)
430 silly packumentCache full:https://registry.npmjs.org/picomatch set size:126376 disposed:false
431 silly placeDep node_modules/tinyglobby fdir@6.5.0 REPLACE for: tinyglobby@0.2.17 want: ^6.5.0
432 silly placeDep node_modules/tinyglobby picomatch@4.0.4 OK for: fdir@6.5.0 want: ^3 || ^4
433 silly fetch manifest @unrs/resolver-binding-android-arm-eabi@1.12.2
434 silly packumentCache full:https://registry.npmjs.org/@unrs%2fresolver-binding-android-arm-eabi cache-miss
435 http fetch GET 200 https://registry.npmjs.org/@unrs%2fresolver-binding-android-arm-eabi 740ms (cache revalidated)
436 silly packumentCache full:https://registry.npmjs.org/@unrs%2fresolver-binding-android-arm-eabi set size:17797 disposed:false
437 silly fetch manifest @unrs/resolver-binding-android-arm64@1.12.2
438 silly packumentCache full:https://registry.npmjs.org/@unrs%2fresolver-binding-android-arm64 cache-miss
439 http fetch GET 200 https://registry.npmjs.org/@unrs%2fresolver-binding-android-arm64 988ms (cache revalidated)
440 silly packumentCache full:https://registry.npmjs.org/@unrs%2fresolver-binding-android-arm64 set size:17616 disposed:false
441 silly fetch manifest @unrs/resolver-binding-darwin-x64@1.12.2
442 silly packumentCache full:https://registry.npmjs.org/@unrs%2fresolver-binding-darwin-x64 cache-miss
443 http fetch GET 200 https://registry.npmjs.org/@unrs%2fresolver-binding-darwin-x64 1109ms (cache revalidated)
444 silly packumentCache full:https://registry.npmjs.org/@unrs%2fresolver-binding-darwin-x64 set size:63092 disposed:false
445 silly fetch manifest @unrs/resolver-binding-freebsd-x64@1.12.2
446 silly packumentCache full:https://registry.npmjs.org/@unrs%2fresolver-binding-freebsd-x64 cache-miss
447 http fetch GET 200 https://registry.npmjs.org/@unrs%2fresolver-binding-freebsd-x64 905ms (cache revalidated)
448 silly packumentCache full:https://registry.npmjs.org/@unrs%2fresolver-binding-freebsd-x64 set size:63388 disposed:false
449 silly fetch manifest @unrs/resolver-binding-linux-arm-gnueabihf@1.12.2
450 silly packumentCache full:https://registry.npmjs.org/@unrs%2fresolver-binding-linux-arm-gnueabihf cache-miss
451 http fetch GET 200 https://registry.npmjs.org/@unrs%2fresolver-binding-linux-arm-gnueabihf 630ms (cache revalidated)
452 silly packumentCache full:https://registry.npmjs.org/@unrs%2fresolver-binding-linux-arm-gnueabihf set size:65279 disposed:false
453 silly fetch manifest @unrs/resolver-binding-linux-arm-musleabihf@1.12.2
454 silly packumentCache full:https://registry.npmjs.org/@unrs%2fresolver-binding-linux-arm-musleabihf cache-miss
455 http fetch GET 200 https://registry.npmjs.org/@unrs%2fresolver-binding-linux-arm-musleabihf 748ms (cache revalidated)
456 silly packumentCache full:https://registry.npmjs.org/@unrs%2fresolver-binding-linux-arm-musleabihf set size:65533 disposed:false
457 silly fetch manifest @unrs/resolver-binding-linux-arm64-gnu@1.12.2
458 silly packumentCache full:https://registry.npmjs.org/@unrs%2fresolver-binding-linux-arm64-gnu cache-miss
459 http fetch GET 200 https://registry.npmjs.org/@unrs%2fresolver-binding-linux-arm64-gnu 1360ms (cache revalidated)
460 silly packumentCache full:https://registry.npmjs.org/@unrs%2fresolver-binding-linux-arm64-gnu set size:65047 disposed:false
461 silly fetch manifest @unrs/resolver-binding-linux-arm64-musl@1.12.2
462 silly packumentCache full:https://registry.npmjs.org/@unrs%2fresolver-binding-linux-arm64-musl cache-miss
463 http fetch GET 200 https://registry.npmjs.org/@unrs%2fresolver-binding-linux-arm64-musl 1212ms (cache revalidated)
464 silly packumentCache full:https://registry.npmjs.org/@unrs%2fresolver-binding-linux-arm64-musl set size:65257 disposed:false
465 silly fetch manifest @unrs/resolver-binding-linux-loong64-gnu@1.12.2
466 silly packumentCache full:https://registry.npmjs.org/@unrs%2fresolver-binding-linux-loong64-gnu cache-miss
467 http fetch GET 200 https://registry.npmjs.org/@unrs%2fresolver-binding-linux-loong64-gnu 757ms (cache revalidated)
468 silly packumentCache full:https://registry.npmjs.org/@unrs%2fresolver-binding-linux-loong64-gnu set size:4107 disposed:false
469 silly fetch manifest @unrs/resolver-binding-linux-loong64-musl@1.12.2
470 silly packumentCache full:https://registry.npmjs.org/@unrs%2fresolver-binding-linux-loong64-musl cache-miss
471 http fetch GET 200 https://registry.npmjs.org/@unrs%2fresolver-binding-linux-loong64-musl 941ms (cache revalidated)
472 silly packumentCache full:https://registry.npmjs.org/@unrs%2fresolver-binding-linux-loong64-musl set size:4124 disposed:false
473 silly fetch manifest @unrs/resolver-binding-linux-ppc64-gnu@1.12.2
474 silly packumentCache full:https://registry.npmjs.org/@unrs%2fresolver-binding-linux-ppc64-gnu cache-miss
475 http fetch GET 200 https://registry.npmjs.org/@unrs%2fresolver-binding-linux-ppc64-gnu 695ms (cache revalidated)
476 silly packumentCache full:https://registry.npmjs.org/@unrs%2fresolver-binding-linux-ppc64-gnu set size:65057 disposed:false
477 silly fetch manifest @unrs/resolver-binding-linux-riscv64-gnu@1.12.2
478 silly packumentCache full:https://registry.npmjs.org/@unrs%2fresolver-binding-linux-riscv64-gnu cache-miss
479 http fetch GET 200 https://registry.npmjs.org/@unrs%2fresolver-binding-linux-riscv64-gnu 639ms (cache revalidated)
480 silly packumentCache full:https://registry.npmjs.org/@unrs%2fresolver-binding-linux-riscv64-gnu set size:56387 disposed:false
481 silly fetch manifest @unrs/resolver-binding-linux-riscv64-musl@1.12.2
482 silly packumentCache full:https://registry.npmjs.org/@unrs%2fresolver-binding-linux-riscv64-musl cache-miss
483 http fetch GET 200 https://registry.npmjs.org/@unrs%2fresolver-binding-linux-riscv64-musl 629ms (cache revalidated)
484 silly packumentCache full:https://registry.npmjs.org/@unrs%2fresolver-binding-linux-riscv64-musl set size:45710 disposed:false
485 silly fetch manifest @unrs/resolver-binding-linux-s390x-gnu@1.12.2
486 silly packumentCache full:https://registry.npmjs.org/@unrs%2fresolver-binding-linux-s390x-gnu cache-miss
487 http fetch GET 200 https://registry.npmjs.org/@unrs%2fresolver-binding-linux-s390x-gnu 656ms (cache revalidated)
488 silly packumentCache full:https://registry.npmjs.org/@unrs%2fresolver-binding-linux-s390x-gnu set size:65047 disposed:false
489 silly fetch manifest @unrs/resolver-binding-linux-x64-gnu@1.12.2
490 silly packumentCache full:https://registry.npmjs.org/@unrs%2fresolver-binding-linux-x64-gnu cache-miss
491 http fetch GET 200 https://registry.npmjs.org/@unrs%2fresolver-binding-linux-x64-gnu 674ms (cache revalidated)
492 silly packumentCache full:https://registry.npmjs.org/@unrs%2fresolver-binding-linux-x64-gnu set size:64469 disposed:false
493 silly fetch manifest @unrs/resolver-binding-linux-x64-musl@1.12.2
494 silly packumentCache full:https://registry.npmjs.org/@unrs%2fresolver-binding-linux-x64-musl cache-miss
495 http fetch GET 200 https://registry.npmjs.org/@unrs%2fresolver-binding-linux-x64-musl 714ms (cache revalidated)
496 silly packumentCache full:https://registry.npmjs.org/@unrs%2fresolver-binding-linux-x64-musl set size:64685 disposed:false
497 silly fetch manifest @unrs/resolver-binding-openharmony-arm64@1.12.2
498 silly packumentCache full:https://registry.npmjs.org/@unrs%2fresolver-binding-openharmony-arm64 cache-miss
499 http fetch GET 200 https://registry.npmjs.org/@unrs%2fresolver-binding-openharmony-arm64 622ms (cache revalidated)
500 silly packumentCache full:https://registry.npmjs.org/@unrs%2fresolver-binding-openharmony-arm64 set size:7350 disposed:false
501 silly fetch manifest @unrs/resolver-binding-wasm32-wasi@1.12.2
502 silly packumentCache full:https://registry.npmjs.org/@unrs%2fresolver-binding-wasm32-wasi cache-miss
503 http fetch GET 200 https://registry.npmjs.org/@unrs%2fresolver-binding-wasm32-wasi 616ms (cache revalidated)
504 silly packumentCache full:https://registry.npmjs.org/@unrs%2fresolver-binding-wasm32-wasi set size:67358 disposed:false
505 silly fetch manifest @unrs/resolver-binding-win32-arm64-msvc@1.12.2
506 silly packumentCache full:https://registry.npmjs.org/@unrs%2fresolver-binding-win32-arm64-msvc cache-miss
507 http fetch GET 200 https://registry.npmjs.org/@unrs%2fresolver-binding-win32-arm64-msvc 1116ms (cache revalidated)
508 silly packumentCache full:https://registry.npmjs.org/@unrs%2fresolver-binding-win32-arm64-msvc set size:64613 disposed:false
509 silly fetch manifest @unrs/resolver-binding-win32-ia32-msvc@1.12.2
510 silly packumentCache full:https://registry.npmjs.org/@unrs%2fresolver-binding-win32-ia32-msvc cache-miss
511 http fetch GET 200 https://registry.npmjs.org/@unrs%2fresolver-binding-win32-ia32-msvc 647ms (cache revalidated)
512 silly packumentCache full:https://registry.npmjs.org/@unrs%2fresolver-binding-win32-ia32-msvc set size:64317 disposed:false
513 silly fetch manifest @unrs/resolver-binding-win32-x64-msvc@1.12.2
514 silly packumentCache full:https://registry.npmjs.org/@unrs%2fresolver-binding-win32-x64-msvc cache-miss
515 http fetch GET 200 https://registry.npmjs.org/@unrs%2fresolver-binding-win32-x64-msvc 778ms (cache revalidated)
516 silly packumentCache full:https://registry.npmjs.org/@unrs%2fresolver-binding-win32-x64-msvc set size:64034 disposed:false
517 silly placeDep ROOT @unrs/resolver-binding-android-arm-eabi@1.12.2 OK for: unrs-resolver@1.12.2 want: 1.12.2
518 silly placeDep ROOT @unrs/resolver-binding-android-arm64@1.12.2 OK for: unrs-resolver@1.12.2 want: 1.12.2
519 silly placeDep ROOT @unrs/resolver-binding-darwin-x64@1.12.2 OK for: unrs-resolver@1.12.2 want: 1.12.2
520 silly placeDep ROOT @unrs/resolver-binding-freebsd-x64@1.12.2 OK for: unrs-resolver@1.12.2 want: 1.12.2
521 silly placeDep ROOT @unrs/resolver-binding-linux-arm-gnueabihf@1.12.2 OK for: unrs-resolver@1.12.2 want: 1.12.2
522 silly placeDep ROOT @unrs/resolver-binding-linux-arm-musleabihf@1.12.2 OK for: unrs-resolver@1.12.2 want: 1.12.2
523 silly placeDep ROOT @unrs/resolver-binding-linux-arm64-gnu@1.12.2 OK for: unrs-resolver@1.12.2 want: 1.12.2
524 silly placeDep ROOT @unrs/resolver-binding-linux-arm64-musl@1.12.2 OK for: unrs-resolver@1.12.2 want: 1.12.2
525 silly placeDep ROOT @unrs/resolver-binding-linux-loong64-gnu@1.12.2 OK for: unrs-resolver@1.12.2 want: 1.12.2
526 silly placeDep ROOT @unrs/resolver-binding-linux-loong64-musl@1.12.2 OK for: unrs-resolver@1.12.2 want: 1.12.2
527 silly placeDep ROOT @unrs/resolver-binding-linux-ppc64-gnu@1.12.2 OK for: unrs-resolver@1.12.2 want: 1.12.2
528 silly placeDep ROOT @unrs/resolver-binding-linux-riscv64-gnu@1.12.2 OK for: unrs-resolver@1.12.2 want: 1.12.2
529 silly placeDep ROOT @unrs/resolver-binding-linux-riscv64-musl@1.12.2 OK for: unrs-resolver@1.12.2 want: 1.12.2
530 silly placeDep ROOT @unrs/resolver-binding-linux-s390x-gnu@1.12.2 OK for: unrs-resolver@1.12.2 want: 1.12.2
531 silly placeDep ROOT @unrs/resolver-binding-linux-x64-gnu@1.12.2 OK for: unrs-resolver@1.12.2 want: 1.12.2
532 silly placeDep ROOT @unrs/resolver-binding-linux-x64-musl@1.12.2 OK for: unrs-resolver@1.12.2 want: 1.12.2
533 silly placeDep ROOT @unrs/resolver-binding-openharmony-arm64@1.12.2 OK for: unrs-resolver@1.12.2 want: 1.12.2
534 silly placeDep ROOT @unrs/resolver-binding-wasm32-wasi@1.12.2 OK for: unrs-resolver@1.12.2 want: 1.12.2
535 silly placeDep ROOT @unrs/resolver-binding-win32-arm64-msvc@1.12.2 OK for: unrs-resolver@1.12.2 want: 1.12.2
536 silly placeDep ROOT @unrs/resolver-binding-win32-ia32-msvc@1.12.2 OK for: unrs-resolver@1.12.2 want: 1.12.2
537 silly placeDep ROOT @unrs/resolver-binding-win32-x64-msvc@1.12.2 OK for: unrs-resolver@1.12.2 want: 1.12.2
538 silly fetch manifest @napi-rs/wasm-runtime@^1.1.4
539 silly packumentCache full:https://registry.npmjs.org/@napi-rs%2fwasm-runtime cache-miss
540 silly fetch manifest @emnapi/core@1.10.0
541 silly packumentCache full:https://registry.npmjs.org/@emnapi%2fcore cache-miss
542 silly fetch manifest @emnapi/runtime@1.10.0
543 silly packumentCache full:https://registry.npmjs.org/@emnapi%2fruntime cache-hit
544 http fetch GET 200 https://registry.npmjs.org/@napi-rs%2fwasm-runtime 92ms (cache revalidated)
545 silly packumentCache full:https://registry.npmjs.org/@napi-rs%2fwasm-runtime set size:76486 disposed:false
546 http fetch GET 200 https://registry.npmjs.org/@emnapi%2fcore 292ms (cache revalidated)
547 silly packumentCache full:https://registry.npmjs.org/@emnapi%2fcore set size:114822 disposed:false
548 silly placeDep ROOT @emnapi/core@1.10.0 OK for: @unrs/resolver-binding-wasm32-wasi@1.12.2 want: 1.10.0
549 silly placeDep node_modules/@unrs/resolver-binding-wasm32-wasi @emnapi/runtime@1.10.0 OK for: @unrs/resolver-binding-wasm32-wasi@1.12.2 want: 1.10.0
550 silly placeDep ROOT @napi-rs/wasm-runtime@1.1.6 OK for: @unrs/resolver-binding-wasm32-wasi@1.12.2 want: ^1.1.4
551 silly fetch manifest @emnapi/wasi-threads@1.2.1
552 silly packumentCache full:https://registry.npmjs.org/@emnapi%2fwasi-threads cache-miss
553 silly fetch manifest @tybys/wasm-util@^0.10.3
554 silly packumentCache full:https://registry.npmjs.org/@tybys%2fwasm-util cache-miss
555 http fetch GET 200 https://registry.npmjs.org/@emnapi%2fwasi-threads 94ms (cache revalidated)
556 silly packumentCache full:https://registry.npmjs.org/@emnapi%2fwasi-threads set size:28580 disposed:false
557 http fetch GET 200 https://registry.npmjs.org/@tybys%2fwasm-util 95ms (cache revalidated)
558 silly packumentCache full:https://registry.npmjs.org/@tybys%2fwasm-util set size:60108 disposed:false
559 silly placeDep ROOT @emnapi/wasi-threads@1.2.1 OK for: @emnapi/core@1.10.0 want: 1.2.1
560 silly placeDep ROOT @tybys/wasm-util@0.10.3 OK for: @napi-rs/wasm-runtime@1.1.6 want: ^0.10.3
561 silly placeDep ROOT ms@2.1.3 OK for: debug@3.2.7 want: ^2.1.1
562 silly placeDep node_modules/node-exports-info es-abstract@1.24.2 OK for: array.prototype.flatmap@1.3.3 want: ^1.23.5
563 silly reify mark retired [
563 silly reify   '/Users/reyn/Documents/SHATPuno/node_modules/array.prototype.flatmap'
563 silly reify ]
564 silly reify mark retired [ '/Users/reyn/Documents/SHATPuno/node_modules/es-abstract' ]
565 silly reify mark retired [ '/Users/reyn/Documents/SHATPuno/node_modules/@esbuild/darwin-arm64' ]
566 silly reify mark retired [
566 silly reify   '/Users/reyn/Documents/SHATPuno/node_modules/@img/sharp-libvips-darwin-arm64'
566 silly reify ]
567 silly reify mark retired [ '/Users/reyn/Documents/SHATPuno/node_modules/debug/node_modules/ms' ]
568 silly reify mark retired [
568 silly reify   '/Users/reyn/Documents/SHATPuno/node_modules/eslint-import-resolver-node/node_modules/ms'
568 silly reify ]
569 silly reify mark retired [
569 silly reify   '/Users/reyn/Documents/SHATPuno/node_modules/eslint-plugin-import/node_modules/ms'
569 silly reify ]
570 silly reify mark retired [
570 silly reify   '/Users/reyn/Documents/SHATPuno/node_modules/eslint-module-utils/node_modules/debug'
570 silly reify ]
571 silly reify mark retired [
571 silly reify   '/Users/reyn/Documents/SHATPuno/node_modules/node-exports-info/node_modules/semver'
571 silly reify ]
572 silly reify mark retired [
572 silly reify   '/Users/reyn/Documents/SHATPuno/node_modules/tinyglobby/node_modules/fdir'
572 silly reify ]
573 silly reify mark retired [
573 silly reify   '/Users/reyn/Documents/SHATPuno/node_modules/tinyglobby/node_modules/picomatch'
573 silly reify ]
574 silly reify moves {
574 silly reify   '/Users/reyn/Documents/SHATPuno/node_modules/array.prototype.flatmap': '/Users/reyn/Documents/SHATPuno/node_modules/.array.prototype.flatmap-ySMVq6nZ',
574 silly reify   '/Users/reyn/Documents/SHATPuno/node_modules/es-abstract': '/Users/reyn/Documents/SHATPuno/node_modules/.es-abstract-PiizHeCV',
574 silly reify   '/Users/reyn/Documents/SHATPuno/node_modules/@esbuild/darwin-arm64': '/Users/reyn/Documents/SHATPuno/node_modules/@esbuild/.darwin-arm64-wy65vZkr',
574 silly reify   '/Users/reyn/Documents/SHATPuno/node_modules/@img/sharp-libvips-darwin-arm64': '/Users/reyn/Documents/SHATPuno/node_modules/@img/.sharp-libvips-darwin-arm64-zsls6p98',
574 silly reify   '/Users/reyn/Documents/SHATPuno/node_modules/debug/node_modules/ms': '/Users/reyn/Documents/SHATPuno/node_modules/debug/node_modules/.ms-jqkruxTD',
574 silly reify   '/Users/reyn/Documents/SHATPuno/node_modules/eslint-import-resolver-node/node_modules/ms': '/Users/reyn/Documents/SHATPuno/node_modules/eslint-import-resolver-node/node_modules/.ms-2xOcG8pX',
574 silly reify   '/Users/reyn/Documents/SHATPuno/node_modules/eslint-plugin-import/node_modules/ms': '/Users/reyn/Documents/SHATPuno/node_modules/eslint-plugin-import/node_modules/.ms-3SUs8pjH',
574 silly reify   '/Users/reyn/Documents/SHATPuno/node_modules/eslint-module-utils/node_modules/debug': '/Users/reyn/Documents/SHATPuno/node_modules/eslint-module-utils/node_modules/.debug-DXlon4Q4',
574 silly reify   '/Users/reyn/Documents/SHATPuno/node_modules/node-exports-info/node_modules/semver': '/Users/reyn/Documents/SHATPuno/node_modules/node-exports-info/node_modules/.semver-igfrPikw',
574 silly reify   '/Users/reyn/Documents/SHATPuno/node_modules/tinyglobby/node_modules/fdir': '/Users/reyn/Documents/SHATPuno/node_modules/tinyglobby/node_modules/.fdir-j1RVb9ob',
574 silly reify   '/Users/reyn/Documents/SHATPuno/node_modules/tinyglobby/node_modules/picomatch': '/Users/reyn/Documents/SHATPuno/node_modules/tinyglobby/node_modules/.picomatch-7XH2suw4'
574 silly reify }
575 http cache ms@https://registry.npmjs.org/ms/-/ms-2.1.3.tgz 1ms (cache hit)
576 http cache picomatch@https://registry.npmjs.org/picomatch/-/picomatch-4.0.4.tgz 0ms (cache hit)
577 http cache fdir@https://registry.npmjs.org/fdir/-/fdir-6.5.0.tgz 0ms (cache hit)
578 http cache @img/sharp-libvips-darwin-arm64@https://registry.npmjs.org/@img/sharp-libvips-darwin-arm64/-/sharp-libvips-darwin-arm64-1.2.4.tgz 0ms (cache hit)
579 http cache es-abstract@https://registry.npmjs.org/es-abstract/-/es-abstract-1.24.2.tgz 0ms (cache hit)
580 http cache es-abstract@https://registry.npmjs.org/es-abstract/-/es-abstract-1.24.2.tgz 0ms (cache hit)
581 http cache es-abstract@https://registry.npmjs.org/es-abstract/-/es-abstract-1.24.2.tgz 0ms (cache hit)
582 http cache es-abstract@https://registry.npmjs.org/es-abstract/-/es-abstract-1.24.2.tgz 0ms (cache hit)
583 http cache @img/sharp-libvips-darwin-arm64@https://registry.npmjs.org/@img/sharp-libvips-darwin-arm64/-/sharp-libvips-darwin-arm64-1.2.4.tgz 0ms (cache hit)
584 http cache es-abstract@https://registry.npmjs.org/es-abstract/-/es-abstract-1.24.2.tgz 0ms (cache hit)
585 http cache es-abstract@https://registry.npmjs.org/es-abstract/-/es-abstract-1.24.2.tgz 0ms (cache hit)
586 http cache es-abstract@https://registry.npmjs.org/es-abstract/-/es-abstract-1.24.2.tgz 0ms (cache hit)
587 http cache es-abstract@https://registry.npmjs.org/es-abstract/-/es-abstract-1.24.2.tgz 0ms (cache hit)
588 http cache array.prototype.flatmap@https://registry.npmjs.org/array.prototype.flatmap/-/array.prototype.flatmap-1.3.3.tgz 0ms (cache hit)
589 http cache semver@https://registry.npmjs.org/semver/-/semver-6.3.1.tgz 0ms (cache hit)
590 http cache @esbuild/darwin-arm64@https://registry.npmjs.org/@esbuild/darwin-arm64/-/darwin-arm64-0.21.5.tgz 0ms (cache hit)
591 http cache es-abstract@https://registry.npmjs.org/es-abstract/-/es-abstract-1.24.2.tgz 0ms (cache hit)
592 http cache es-abstract@https://registry.npmjs.org/es-abstract/-/es-abstract-1.24.2.tgz 0ms (cache hit)
593 http cache debug@https://registry.npmjs.org/debug/-/debug-3.2.7.tgz 0ms (cache hit)
594 http cache es-abstract@https://registry.npmjs.org/es-abstract/-/es-abstract-1.24.2.tgz 0ms (cache hit)
595 http cache es-abstract@https://registry.npmjs.org/es-abstract/-/es-abstract-1.24.2.tgz 0ms (cache hit)
596 http cache es-abstract@https://registry.npmjs.org/es-abstract/-/es-abstract-1.24.2.tgz 0ms (cache hit)
597 http cache es-abstract@https://registry.npmjs.org/es-abstract/-/es-abstract-1.24.2.tgz 0ms (cache hit)
598 http cache es-abstract@https://registry.npmjs.org/es-abstract/-/es-abstract-1.24.2.tgz 0ms (cache hit)
599 silly tarball no local data for picomatch@https://registry.npmjs.org/picomatch/-/picomatch-4.0.4.tgz. Extracting by manifest.
600 silly tarball no local data for fdir@https://registry.npmjs.org/fdir/-/fdir-6.5.0.tgz. Extracting by manifest.
601 silly tarball no local data for @img/sharp-libvips-darwin-arm64@https://registry.npmjs.org/@img/sharp-libvips-darwin-arm64/-/sharp-libvips-darwin-arm64-1.2.4.tgz. Extracting by manifest.
602 silly tarball no local data for @img/sharp-libvips-darwin-arm64@https://registry.npmjs.org/@img/sharp-libvips-darwin-arm64/-/sharp-libvips-darwin-arm64-1.2.4.tgz. Extracting by manifest.
603 silly tarball no local data for @esbuild/darwin-arm64@https://registry.npmjs.org/@esbuild/darwin-arm64/-/darwin-arm64-0.21.5.tgz. Extracting by manifest.
604 http fetch GET 200 https://registry.npmjs.org/fdir/-/fdir-6.5.0.tgz 168ms (cache miss)
605 http fetch GET 200 https://registry.npmjs.org/picomatch/-/picomatch-4.0.4.tgz 173ms (cache miss)
606 http fetch GET 200 https://registry.npmjs.org/@esbuild/darwin-arm64/-/darwin-arm64-0.21.5.tgz 10070ms (cache miss)
607 http fetch GET 200 https://registry.npmjs.org/@img/sharp-libvips-darwin-arm64/-/sharp-libvips-darwin-arm64-1.2.4.tgz 16761ms (cache miss)
608 http fetch GET 200 https://registry.npmjs.org/@img/sharp-libvips-darwin-arm64/-/sharp-libvips-darwin-arm64-1.2.4.tgz 20060ms (cache miss)
609 silly ADD node_modules/ms
610 silly ADD node_modules/@img/sharp-darwin-arm64/node_modules/@img/sharp-libvips-darwin-arm64
611 silly CHANGE node_modules/tinyglobby/node_modules/picomatch
612 silly CHANGE node_modules/tinyglobby/node_modules/fdir
613 silly ADD node_modules/string.prototype.repeat/node_modules/es-abstract
614 silly ADD node_modules/string.prototype.matchall/node_modules/es-abstract
615 silly ADD node_modules/string.prototype.trim/node_modules/es-abstract
616 silly ADD node_modules/string.prototype.includes/node_modules/es-abstract
617 silly ADD node_modules/sharp/node_modules/@img/sharp-libvips-darwin-arm64
618 silly ADD node_modules/reflect.getprototypeof/node_modules/es-abstract
619 silly ADD node_modules/object.groupby/node_modules/es-abstract
620 silly ADD node_modules/object.fromentries/node_modules/es-abstract
621 silly ADD node_modules/node-exports-info/node_modules/es-abstract
622 silly ADD node_modules/node-exports-info/node_modules/array.prototype.flatmap
623 silly CHANGE node_modules/node-exports-info/node_modules/semver
624 silly CHANGE node_modules/eslint-module-utils/node_modules/debug
625 silly ADD node_modules/esbuild/node_modules/@esbuild/darwin-arm64
626 silly REMOVE node_modules/eslint-plugin-import/node_modules/ms
627 silly REMOVE node_modules/eslint-import-resolver-node/node_modules/ms
628 silly ADD node_modules/es-iterator-helpers/node_modules/es-abstract
629 silly REMOVE node_modules/debug/node_modules/ms
630 silly ADD node_modules/arraybuffer.prototype.slice/node_modules/es-abstract
631 silly ADD node_modules/array.prototype.findlast/node_modules/es-abstract
632 silly ADD node_modules/array.prototype.tosorted/node_modules/es-abstract
633 silly ADD node_modules/array.prototype.flat/node_modules/es-abstract
634 silly ADD node_modules/array.prototype.findlastindex/node_modules/es-abstract
635 silly ADD node_modules/array-includes/node_modules/es-abstract
636 silly REMOVE node_modules/@img/sharp-libvips-darwin-arm64
637 silly REMOVE node_modules/@esbuild/darwin-arm64
638 silly REMOVE node_modules/es-abstract
639 silly REMOVE node_modules/array.prototype.flatmap
640 verbose cwd /Users/reyn/Documents/SHATPuno
641 verbose os Darwin 25.3.0
642 verbose node v26.3.1
643 verbose npm  v11.16.0
644 verbose exit 0
645 info ok
